
> reactjs-app-ui@0.1.0 dev
> webpack serve --mode development --config webpack.dev.config.js

<i> [webpack-dev-server] Project is running at:
<i> [webpack-dev-server] Loopback: http://localhost:3000/, http://[::1]:3000/
<i> [webpack-dev-server] On Your Network (IPv4): http://192.168.68.64:3000/
<i> [webpack-dev-server] Content not from webpack is served from '/Users/andrewsmith/Library/CloudStorage/Dropbox/projects/agoat-publisher/reactjs-app-ui/public' directory
<i> [webpack-dev-server] 404s will fallback to '/index.html'
<i> [webpack-dev-middleware] wait until bundle finished: /
Error: Cannot apply unknown utility class `bg-white`. Are you using CSS modules or similar and missing `@reference`? https://tailwindcss.com/docs/functions-and-directives#reference-directive
    at onInvalidCandidate (/Users/andrewsmith/Library/CloudStorage/Dropbox/projects/agoat-publisher/reactjs-app-ui/node_modules/tailwindcss/dist/lib.js:18:1332)
    at ge (/Users/andrewsmith/Library/CloudStorage/Dropbox/projects/agoat-publisher/reactjs-app-ui/node_modules/tailwindcss/dist/lib.js:13:29871)
    at /Users/andrewsmith/Library/CloudStorage/Dropbox/projects/agoat-publisher/reactjs-app-ui/node_modules/tailwindcss/dist/lib.js:18:373
    at L (/Users/andrewsmith/Library/CloudStorage/Dropbox/projects/agoat-publisher/reactjs-app-ui/node_modules/tailwindcss/dist/lib.js:3:1656)
    at je (/Users/andrewsmith/Library/CloudStorage/Dropbox/projects/agoat-publisher/reactjs-app-ui/node_modules/tailwindcss/dist/lib.js:18:172)
    at yi (/Users/andrewsmith/Library/CloudStorage/Dropbox/projects/agoat-publisher/reactjs-app-ui/node_modules/tailwindcss/dist/lib.js:35:780)
    at async bi (/Users/andrewsmith/Library/CloudStorage/Dropbox/projects/agoat-publisher/reactjs-app-ui/node_modules/tailwindcss/dist/lib.js:35:1123)
    at async _r (/Users/andrewsmith/Library/CloudStorage/Dropbox/projects/agoat-publisher/reactjs-app-ui/node_modules/@tailwindcss/node/dist/index.js:10:3384)
    at async W (/Users/andrewsmith/Library/CloudStorage/Dropbox/projects/agoat-publisher/reactjs-app-ui/node_modules/@tailwindcss/postcss/dist/index.js:10:4048)
    at async Object.Once (/Users/andrewsmith/Library/CloudStorage/Dropbox/projects/agoat-publisher/reactjs-app-ui/node_modules/@tailwindcss/postcss/dist/index.js:10:4318)
asset main.0075703d4881c474a57a.js 12.9 MiB [emitted] [immutable] (name: main)
asset index.html 599 bytes [emitted]
orphan modules 197 KiB [orphan] 73 modules
runtime modules 42.5 KiB 16 modules
modules by path ./node_modules/ 4.53 MiB 262 modules
modules by path ./src/ 69 KiB 19 modules
consume-shared-module modules 714 bytes
  modules by path consume shared module (default) react/ 84 bytes 2 modules
  + 15 modules
provide-module modules 210 bytes
  provide shared module (default) axios@1.11.0 = ./node_modules/axios/index.js 42 bytes [built] [code generated]
  provide shared module (default) marked@16.2.0 = ./node_modules/marked/lib...(truncated) 42 bytes [built] [code generated]
  + 3 modules
modules by path ./components/*.tsx 15.2 KiB
  ./components/ErrorBoundary.tsx 1.21 KiB [built] [code generated]
  ./components/BlogListView.tsx 6.7 KiB [built] [code generated]
  ./components/PostsList.tsx 7.23 KiB [built] [code generated]
webpack 5.101.3 compiled successfully in 4608 ms
URIError: URI malformed
    at decodeURIComponent (<anonymous>)
    at /Users/andrewsmith/Library/CloudStorage/Dropbox/projects/agoat-publisher/reactjs-app-ui/node_modules/serve-index/index.js:113:15
    at middleware (/Users/andrewsmith/Library/CloudStorage/Dropbox/projects/agoat-publisher/reactjs-app-ui/node_modules/webpack-dev-server/lib/Server.js:2495:18)
    at Layer.handle [as handle_request] (/Users/andrewsmith/Library/CloudStorage/Dropbox/projects/agoat-publisher/reactjs-app-ui/node_modules/express/lib/router/layer.js:95:5)
    at trim_prefix (/Users/andrewsmith/Library/CloudStorage/Dropbox/projects/agoat-publisher/reactjs-app-ui/node_modules/express/lib/router/index.js:328:13)
    at /Users/andrewsmith/Library/CloudStorage/Dropbox/projects/agoat-publisher/reactjs-app-ui/node_modules/express/lib/router/index.js:286:9
    at Function.process_params (/Users/andrewsmith/Library/CloudStorage/Dropbox/projects/agoat-publisher/reactjs-app-ui/node_modules/express/lib/router/index.js:346:12)
    at next (/Users/andrewsmith/Library/CloudStorage/Dropbox/projects/agoat-publisher/reactjs-app-ui/node_modules/express/lib/router/index.js:280:10)
    at SendStream.error (/Users/andrewsmith/Library/CloudStorage/Dropbox/projects/agoat-publisher/reactjs-app-ui/node_modules/serve-static/index.js:121:7)
    at SendStream.emit (node:events:524:28)
URIError: URI malformed
    at decodeURIComponent (<anonymous>)
    at /Users/andrewsmith/Library/CloudStorage/Dropbox/projects/agoat-publisher/reactjs-app-ui/node_modules/serve-index/index.js:113:15
    at middleware (/Users/andrewsmith/Library/CloudStorage/Dropbox/projects/agoat-publisher/reactjs-app-ui/node_modules/webpack-dev-server/lib/Server.js:2495:18)
    at Layer.handle [as handle_request] (/Users/andrewsmith/Library/CloudStorage/Dropbox/projects/agoat-publisher/reactjs-app-ui/node_modules/express/lib/router/layer.js:95:5)
    at trim_prefix (/Users/andrewsmith/Library/CloudStorage/Dropbox/projects/agoat-publisher/reactjs-app-ui/node_modules/express/lib/router/index.js:328:13)
    at /Users/andrewsmith/Library/CloudStorage/Dropbox/projects/agoat-publisher/reactjs-app-ui/node_modules/express/lib/router/index.js:286:9
    at Function.process_params (/Users/andrewsmith/Library/CloudStorage/Dropbox/projects/agoat-publisher/reactjs-app-ui/node_modules/express/lib/router/index.js:346:12)
    at next (/Users/andrewsmith/Library/CloudStorage/Dropbox/projects/agoat-publisher/reactjs-app-ui/node_modules/express/lib/router/index.js:280:10)
    at SendStream.error (/Users/andrewsmith/Library/CloudStorage/Dropbox/projects/agoat-publisher/reactjs-app-ui/node_modules/serve-static/index.js:121:7)
    at SendStream.emit (node:events:524:28)
URIError: URI malformed
    at decodeURIComponent (<anonymous>)
    at /Users/andrewsmith/Library/CloudStorage/Dropbox/projects/agoat-publisher/reactjs-app-ui/node_modules/serve-index/index.js:113:15
    at middleware (/Users/andrewsmith/Library/CloudStorage/Dropbox/projects/agoat-publisher/reactjs-app-ui/node_modules/webpack-dev-server/lib/Server.js:2495:18)
    at Layer.handle [as handle_request] (/Users/andrewsmith/Library/CloudStorage/Dropbox/projects/agoat-publisher/reactjs-app-ui/node_modules/express/lib/router/layer.js:95:5)
    at trim_prefix (/Users/andrewsmith/Library/CloudStorage/Dropbox/projects/agoat-publisher/reactjs-app-ui/node_modules/express/lib/router/index.js:328:13)
    at /Users/andrewsmith/Library/CloudStorage/Dropbox/projects/agoat-publisher/reactjs-app-ui/node_modules/express/lib/router/index.js:286:9
    at Function.process_params (/Users/andrewsmith/Library/CloudStorage/Dropbox/projects/agoat-publisher/reactjs-app-ui/node_modules/express/lib/router/index.js:346:12)
    at next (/Users/andrewsmith/Library/CloudStorage/Dropbox/projects/agoat-publisher/reactjs-app-ui/node_modules/express/lib/router/index.js:280:10)
    at SendStream.error (/Users/andrewsmith/Library/CloudStorage/Dropbox/projects/agoat-publisher/reactjs-app-ui/node_modules/serve-static/index.js:121:7)
    at SendStream.emit (node:events:524:28)
URIError: URI malformed
    at decodeURIComponent (<anonymous>)
    at /Users/andrewsmith/Library/CloudStorage/Dropbox/projects/agoat-publisher/reactjs-app-ui/node_modules/serve-index/index.js:113:15
    at middleware (/Users/andrewsmith/Library/CloudStorage/Dropbox/projects/agoat-publisher/reactjs-app-ui/node_modules/webpack-dev-server/lib/Server.js:2495:18)
    at Layer.handle [as handle_request] (/Users/andrewsmith/Library/CloudStorage/Dropbox/projects/agoat-publisher/reactjs-app-ui/node_modules/express/lib/router/layer.js:95:5)
    at trim_prefix (/Users/andrewsmith/Library/CloudStorage/Dropbox/projects/agoat-publisher/reactjs-app-ui/node_modules/express/lib/router/index.js:328:13)
    at /Users/andrewsmith/Library/CloudStorage/Dropbox/projects/agoat-publisher/reactjs-app-ui/node_modules/express/lib/router/index.js:286:9
    at Function.process_params (/Users/andrewsmith/Library/CloudStorage/Dropbox/projects/agoat-publisher/reactjs-app-ui/node_modules/express/lib/router/index.js:346:12)
    at next (/Users/andrewsmith/Library/CloudStorage/Dropbox/projects/agoat-publisher/reactjs-app-ui/node_modules/express/lib/router/index.js:280:10)
    at SendStream.error (/Users/andrewsmith/Library/CloudStorage/Dropbox/projects/agoat-publisher/reactjs-app-ui/node_modules/serve-static/index.js:121:7)
    at SendStream.emit (node:events:524:28)
URIError: URI malformed
    at decodeURIComponent (<anonymous>)
    at /Users/andrewsmith/Library/CloudStorage/Dropbox/projects/agoat-publisher/reactjs-app-ui/node_modules/serve-index/index.js:113:15
    at middleware (/Users/andrewsmith/Library/CloudStorage/Dropbox/projects/agoat-publisher/reactjs-app-ui/node_modules/webpack-dev-server/lib/Server.js:2495:18)
    at Layer.handle [as handle_request] (/Users/andrewsmith/Library/CloudStorage/Dropbox/projects/agoat-publisher/reactjs-app-ui/node_modules/express/lib/router/layer.js:95:5)
    at trim_prefix (/Users/andrewsmith/Library/CloudStorage/Dropbox/projects/agoat-publisher/reactjs-app-ui/node_modules/express/lib/router/index.js:328:13)
    at /Users/andrewsmith/Library/CloudStorage/Dropbox/projects/agoat-publisher/reactjs-app-ui/node_modules/express/lib/router/index.js:286:9
    at Function.process_params (/Users/andrewsmith/Library/CloudStorage/Dropbox/projects/agoat-publisher/reactjs-app-ui/node_modules/express/lib/router/index.js:346:12)
    at next (/Users/andrewsmith/Library/CloudStorage/Dropbox/projects/agoat-publisher/reactjs-app-ui/node_modules/express/lib/router/index.js:280:10)
    at SendStream.error (/Users/andrewsmith/Library/CloudStorage/Dropbox/projects/agoat-publisher/reactjs-app-ui/node_modules/serve-static/index.js:121:7)
    at SendStream.emit (node:events:524:28)
URIError: URI malformed
    at decodeURIComponent (<anonymous>)
    at /Users/andrewsmith/Library/CloudStorage/Dropbox/projects/agoat-publisher/reactjs-app-ui/node_modules/serve-index/index.js:113:15
    at middleware (/Users/andrewsmith/Library/CloudStorage/Dropbox/projects/agoat-publisher/reactjs-app-ui/node_modules/webpack-dev-server/lib/Server.js:2495:18)
    at Layer.handle [as handle_request] (/Users/andrewsmith/Library/CloudStorage/Dropbox/projects/agoat-publisher/reactjs-app-ui/node_modules/express/lib/router/layer.js:95:5)
    at trim_prefix (/Users/andrewsmith/Library/CloudStorage/Dropbox/projects/agoat-publisher/reactjs-app-ui/node_modules/express/lib/router/index.js:328:13)
    at /Users/andrewsmith/Library/CloudStorage/Dropbox/projects/agoat-publisher/reactjs-app-ui/node_modules/express/lib/router/index.js:286:9
    at Function.process_params (/Users/andrewsmith/Library/CloudStorage/Dropbox/projects/agoat-publisher/reactjs-app-ui/node_modules/express/lib/router/index.js:346:12)
    at next (/Users/andrewsmith/Library/CloudStorage/Dropbox/projects/agoat-publisher/reactjs-app-ui/node_modules/express/lib/router/index.js:280:10)
    at SendStream.error (/Users/andrewsmith/Library/CloudStorage/Dropbox/projects/agoat-publisher/reactjs-app-ui/node_modules/serve-static/index.js:121:7)
    at SendStream.emit (node:events:524:28)
URIError: URI malformed
    at decodeURIComponent (<anonymous>)
    at /Users/andrewsmith/Library/CloudStorage/Dropbox/projects/agoat-publisher/reactjs-app-ui/node_modules/serve-index/index.js:113:15
    at middleware (/Users/andrewsmith/Library/CloudStorage/Dropbox/projects/agoat-publisher/reactjs-app-ui/node_modules/webpack-dev-server/lib/Server.js:2495:18)
    at Layer.handle [as handle_request] (/Users/andrewsmith/Library/CloudStorage/Dropbox/projects/agoat-publisher/reactjs-app-ui/node_modules/express/lib/router/layer.js:95:5)
    at trim_prefix (/Users/andrewsmith/Library/CloudStorage/Dropbox/projects/agoat-publisher/reactjs-app-ui/node_modules/express/lib/router/index.js:328:13)
    at /Users/andrewsmith/Library/CloudStorage/Dropbox/projects/agoat-publisher/reactjs-app-ui/node_modules/express/lib/router/index.js:286:9
    at Function.process_params (/Users/andrewsmith/Library/CloudStorage/Dropbox/projects/agoat-publisher/reactjs-app-ui/node_modules/express/lib/router/index.js:346:12)
    at next (/Users/andrewsmith/Library/CloudStorage/Dropbox/projects/agoat-publisher/reactjs-app-ui/node_modules/express/lib/router/index.js:280:10)
    at SendStream.error (/Users/andrewsmith/Library/CloudStorage/Dropbox/projects/agoat-publisher/reactjs-app-ui/node_modules/serve-static/index.js:121:7)
    at SendStream.emit (node:events:524:28)
URIError: URI malformed
    at decodeURIComponent (<anonymous>)
    at /Users/andrewsmith/Library/CloudStorage/Dropbox/projects/agoat-publisher/reactjs-app-ui/node_modules/serve-index/index.js:113:15
    at middleware (/Users/andrewsmith/Library/CloudStorage/Dropbox/projects/agoat-publisher/reactjs-app-ui/node_modules/webpack-dev-server/lib/Server.js:2495:18)
    at Layer.handle [as handle_request] (/Users/andrewsmith/Library/CloudStorage/Dropbox/projects/agoat-publisher/reactjs-app-ui/node_modules/express/lib/router/layer.js:95:5)
    at trim_prefix (/Users/andrewsmith/Library/CloudStorage/Dropbox/projects/agoat-publisher/reactjs-app-ui/node_modules/express/lib/router/index.js:328:13)
    at /Users/andrewsmith/Library/CloudStorage/Dropbox/projects/agoat-publisher/reactjs-app-ui/node_modules/express/lib/router/index.js:286:9
    at Function.process_params (/Users/andrewsmith/Library/CloudStorage/Dropbox/projects/agoat-publisher/reactjs-app-ui/node_modules/express/lib/router/index.js:346:12)
    at next (/Users/andrewsmith/Library/CloudStorage/Dropbox/projects/agoat-publisher/reactjs-app-ui/node_modules/express/lib/router/index.js:280:10)
    at SendStream.error (/Users/andrewsmith/Library/CloudStorage/Dropbox/projects/agoat-publisher/reactjs-app-ui/node_modules/serve-static/index.js:121:7)
    at SendStream.emit (node:events:524:28)
URIError: URI malformed
    at decodeURIComponent (<anonymous>)
    at /Users/andrewsmith/Library/CloudStorage/Dropbox/projects/agoat-publisher/reactjs-app-ui/node_modules/serve-index/index.js:113:15
    at middleware (/Users/andrewsmith/Library/CloudStorage/Dropbox/projects/agoat-publisher/reactjs-app-ui/node_modules/webpack-dev-server/lib/Server.js:2495:18)
    at Layer.handle [as handle_request] (/Users/andrewsmith/Library/CloudStorage/Dropbox/projects/agoat-publisher/reactjs-app-ui/node_modules/express/lib/router/layer.js:95:5)
    at trim_prefix (/Users/andrewsmith/Library/CloudStorage/Dropbox/projects/agoat-publisher/reactjs-app-ui/node_modules/express/lib/router/index.js:328:13)
    at /Users/andrewsmith/Library/CloudStorage/Dropbox/projects/agoat-publisher/reactjs-app-ui/node_modules/express/lib/router/index.js:286:9
    at Function.process_params (/Users/andrewsmith/Library/CloudStorage/Dropbox/projects/agoat-publisher/reactjs-app-ui/node_modules/express/lib/router/index.js:346:12)
    at next (/Users/andrewsmith/Library/CloudStorage/Dropbox/projects/agoat-publisher/reactjs-app-ui/node_modules/express/lib/router/index.js:280:10)
    at SendStream.error (/Users/andrewsmith/Library/CloudStorage/Dropbox/projects/agoat-publisher/reactjs-app-ui/node_modules/serve-static/index.js:121:7)
    at SendStream.emit (node:events:524:28)
URIError: URI malformed
    at decodeURIComponent (<anonymous>)
    at /Users/andrewsmith/Library/CloudStorage/Dropbox/projects/agoat-publisher/reactjs-app-ui/node_modules/serve-index/index.js:113:15
    at middleware (/Users/andrewsmith/Library/CloudStorage/Dropbox/projects/agoat-publisher/reactjs-app-ui/node_modules/webpack-dev-server/lib/Server.js:2495:18)
    at Layer.handle [as handle_request] (/Users/andrewsmith/Library/CloudStorage/Dropbox/projects/agoat-publisher/reactjs-app-ui/node_modules/express/lib/router/layer.js:95:5)
    at trim_prefix (/Users/andrewsmith/Library/CloudStorage/Dropbox/projects/agoat-publisher/reactjs-app-ui/node_modules/express/lib/router/index.js:328:13)
    at /Users/andrewsmith/Library/CloudStorage/Dropbox/projects/agoat-publisher/reactjs-app-ui/node_modules/express/lib/router/index.js:286:9
    at Function.process_params (/Users/andrewsmith/Library/CloudStorage/Dropbox/projects/agoat-publisher/reactjs-app-ui/node_modules/express/lib/router/index.js:346:12)
    at next (/Users/andrewsmith/Library/CloudStorage/Dropbox/projects/agoat-publisher/reactjs-app-ui/node_modules/express/lib/router/index.js:280:10)
    at SendStream.error (/Users/andrewsmith/Library/CloudStorage/Dropbox/projects/agoat-publisher/reactjs-app-ui/node_modules/serve-static/index.js:121:7)
    at SendStream.emit (node:events:524:28)
URIError: URI malformed
    at decodeURIComponent (<anonymous>)
    at /Users/andrewsmith/Library/CloudStorage/Dropbox/projects/agoat-publisher/reactjs-app-ui/node_modules/serve-index/index.js:113:15
    at middleware (/Users/andrewsmith/Library/CloudStorage/Dropbox/projects/agoat-publisher/reactjs-app-ui/node_modules/webpack-dev-server/lib/Server.js:2495:18)
    at Layer.handle [as handle_request] (/Users/andrewsmith/Library/CloudStorage/Dropbox/projects/agoat-publisher/reactjs-app-ui/node_modules/express/lib/router/layer.js:95:5)
    at trim_prefix (/Users/andrewsmith/Library/CloudStorage/Dropbox/projects/agoat-publisher/reactjs-app-ui/node_modules/express/lib/router/index.js:328:13)
    at /Users/andrewsmith/Library/CloudStorage/Dropbox/projects/agoat-publisher/reactjs-app-ui/node_modules/express/lib/router/index.js:286:9
    at Function.process_params (/Users/andrewsmith/Library/CloudStorage/Dropbox/projects/agoat-publisher/reactjs-app-ui/node_modules/express/lib/router/index.js:346:12)
    at next (/Users/andrewsmith/Library/CloudStorage/Dropbox/projects/agoat-publisher/reactjs-app-ui/node_modules/express/lib/router/index.js:280:10)
    at SendStream.error (/Users/andrewsmith/Library/CloudStorage/Dropbox/projects/agoat-publisher/reactjs-app-ui/node_modules/serve-static/index.js:121:7)
    at SendStream.emit (node:events:524:28)
URIError: URI malformed
    at decodeURIComponent (<anonymous>)
    at /Users/andrewsmith/Library/CloudStorage/Dropbox/projects/agoat-publisher/reactjs-app-ui/node_modules/serve-index/index.js:113:15
    at middleware (/Users/andrewsmith/Library/CloudStorage/Dropbox/projects/agoat-publisher/reactjs-app-ui/node_modules/webpack-dev-server/lib/Server.js:2495:18)
    at Layer.handle [as handle_request] (/Users/andrewsmith/Library/CloudStorage/Dropbox/projects/agoat-publisher/reactjs-app-ui/node_modules/express/lib/router/layer.js:95:5)
    at trim_prefix (/Users/andrewsmith/Library/CloudStorage/Dropbox/projects/agoat-publisher/reactjs-app-ui/node_modules/express/lib/router/index.js:328:13)
    at /Users/andrewsmith/Library/CloudStorage/Dropbox/projects/agoat-publisher/reactjs-app-ui/node_modules/express/lib/router/index.js:286:9
    at Function.process_params (/Users/andrewsmith/Library/CloudStorage/Dropbox/projects/agoat-publisher/reactjs-app-ui/node_modules/express/lib/router/index.js:346:12)
    at next (/Users/andrewsmith/Library/CloudStorage/Dropbox/projects/agoat-publisher/reactjs-app-ui/node_modules/express/lib/router/index.js:280:10)
    at SendStream.error (/Users/andrewsmith/Library/CloudStorage/Dropbox/projects/agoat-publisher/reactjs-app-ui/node_modules/serve-static/index.js:121:7)
    at SendStream.emit (node:events:524:28)
URIError: URI malformed
    at decodeURIComponent (<anonymous>)
    at /Users/andrewsmith/Library/CloudStorage/Dropbox/projects/agoat-publisher/reactjs-app-ui/node_modules/serve-index/index.js:113:15
    at middleware (/Users/andrewsmith/Library/CloudStorage/Dropbox/projects/agoat-publisher/reactjs-app-ui/node_modules/webpack-dev-server/lib/Server.js:2495:18)
    at Layer.handle [as handle_request] (/Users/andrewsmith/Library/CloudStorage/Dropbox/projects/agoat-publisher/reactjs-app-ui/node_modules/express/lib/router/layer.js:95:5)
    at trim_prefix (/Users/andrewsmith/Library/CloudStorage/Dropbox/projects/agoat-publisher/reactjs-app-ui/node_modules/express/lib/router/index.js:328:13)
    at /Users/andrewsmith/Library/CloudStorage/Dropbox/projects/agoat-publisher/reactjs-app-ui/node_modules/express/lib/router/index.js:286:9
    at Function.process_params (/Users/andrewsmith/Library/CloudStorage/Dropbox/projects/agoat-publisher/reactjs-app-ui/node_modules/express/lib/router/index.js:346:12)
    at next (/Users/andrewsmith/Library/CloudStorage/Dropbox/projects/agoat-publisher/reactjs-app-ui/node_modules/express/lib/router/index.js:280:10)
    at SendStream.error (/Users/andrewsmith/Library/CloudStorage/Dropbox/projects/agoat-publisher/reactjs-app-ui/node_modules/serve-static/index.js:121:7)
    at SendStream.emit (node:events:524:28)
URIError: URI malformed
    at decodeURIComponent (<anonymous>)
    at /Users/andrewsmith/Library/CloudStorage/Dropbox/projects/agoat-publisher/reactjs-app-ui/node_modules/serve-index/index.js:113:15
    at middleware (/Users/andrewsmith/Library/CloudStorage/Dropbox/projects/agoat-publisher/reactjs-app-ui/node_modules/webpack-dev-server/lib/Server.js:2495:18)
    at Layer.handle [as handle_request] (/Users/andrewsmith/Library/CloudStorage/Dropbox/projects/agoat-publisher/reactjs-app-ui/node_modules/express/lib/router/layer.js:95:5)
    at trim_prefix (/Users/andrewsmith/Library/CloudStorage/Dropbox/projects/agoat-publisher/reactjs-app-ui/node_modules/express/lib/router/index.js:328:13)
    at /Users/andrewsmith/Library/CloudStorage/Dropbox/projects/agoat-publisher/reactjs-app-ui/node_modules/express/lib/router/index.js:286:9
    at Function.process_params (/Users/andrewsmith/Library/CloudStorage/Dropbox/projects/agoat-publisher/reactjs-app-ui/node_modules/express/lib/router/index.js:346:12)
    at next (/Users/andrewsmith/Library/CloudStorage/Dropbox/projects/agoat-publisher/reactjs-app-ui/node_modules/express/lib/router/index.js:280:10)
    at SendStream.error (/Users/andrewsmith/Library/CloudStorage/Dropbox/projects/agoat-publisher/reactjs-app-ui/node_modules/serve-static/index.js:121:7)
    at SendStream.emit (node:events:524:28)
URIError: URI malformed
    at decodeURIComponent (<anonymous>)
    at /Users/andrewsmith/Library/CloudStorage/Dropbox/projects/agoat-publisher/reactjs-app-ui/node_modules/serve-index/index.js:113:15
    at middleware (/Users/andrewsmith/Library/CloudStorage/Dropbox/projects/agoat-publisher/reactjs-app-ui/node_modules/webpack-dev-server/lib/Server.js:2495:18)
    at Layer.handle [as handle_request] (/Users/andrewsmith/Library/CloudStorage/Dropbox/projects/agoat-publisher/reactjs-app-ui/node_modules/express/lib/router/layer.js:95:5)
    at trim_prefix (/Users/andrewsmith/Library/CloudStorage/Dropbox/projects/agoat-publisher/reactjs-app-ui/node_modules/express/lib/router/index.js:328:13)
    at /Users/andrewsmith/Library/CloudStorage/Dropbox/projects/agoat-publisher/reactjs-app-ui/node_modules/express/lib/router/index.js:286:9
    at Function.process_params (/Users/andrewsmith/Library/CloudStorage/Dropbox/projects/agoat-publisher/reactjs-app-ui/node_modules/express/lib/router/index.js:346:12)
    at next (/Users/andrewsmith/Library/CloudStorage/Dropbox/projects/agoat-publisher/reactjs-app-ui/node_modules/express/lib/router/index.js:280:10)
    at SendStream.error (/Users/andrewsmith/Library/CloudStorage/Dropbox/projects/agoat-publisher/reactjs-app-ui/node_modules/serve-static/index.js:121:7)
    at SendStream.emit (node:events:524:28)
URIError: URI malformed
    at decodeURIComponent (<anonymous>)
    at /Users/andrewsmith/Library/CloudStorage/Dropbox/projects/agoat-publisher/reactjs-app-ui/node_modules/serve-index/index.js:113:15
    at middleware (/Users/andrewsmith/Library/CloudStorage/Dropbox/projects/agoat-publisher/reactjs-app-ui/node_modules/webpack-dev-server/lib/Server.js:2495:18)
    at Layer.handle [as handle_request] (/Users/andrewsmith/Library/CloudStorage/Dropbox/projects/agoat-publisher/reactjs-app-ui/node_modules/express/lib/router/layer.js:95:5)
    at trim_prefix (/Users/andrewsmith/Library/CloudStorage/Dropbox/projects/agoat-publisher/reactjs-app-ui/node_modules/express/lib/router/index.js:328:13)
    at /Users/andrewsmith/Library/CloudStorage/Dropbox/projects/agoat-publisher/reactjs-app-ui/node_modules/express/lib/router/index.js:286:9
    at Function.process_params (/Users/andrewsmith/Library/CloudStorage/Dropbox/projects/agoat-publisher/reactjs-app-ui/node_modules/express/lib/router/index.js:346:12)
    at next (/Users/andrewsmith/Library/CloudStorage/Dropbox/projects/agoat-publisher/reactjs-app-ui/node_modules/express/lib/router/index.js:280:10)
    at SendStream.error (/Users/andrewsmith/Library/CloudStorage/Dropbox/projects/agoat-publisher/reactjs-app-ui/node_modules/serve-static/index.js:121:7)
    at SendStream.emit (node:events:524:28)
URIError: URI malformed
    at decodeURIComponent (<anonymous>)
    at /Users/andrewsmith/Library/CloudStorage/Dropbox/projects/agoat-publisher/reactjs-app-ui/node_modules/serve-index/index.js:113:15
    at middleware (/Users/andrewsmith/Library/CloudStorage/Dropbox/projects/agoat-publisher/reactjs-app-ui/node_modules/webpack-dev-server/lib/Server.js:2495:18)
    at Layer.handle [as handle_request] (/Users/andrewsmith/Library/CloudStorage/Dropbox/projects/agoat-publisher/reactjs-app-ui/node_modules/express/lib/router/layer.js:95:5)
    at trim_prefix (/Users/andrewsmith/Library/CloudStorage/Dropbox/projects/agoat-publisher/reactjs-app-ui/node_modules/express/lib/router/index.js:328:13)
    at /Users/andrewsmith/Library/CloudStorage/Dropbox/projects/agoat-publisher/reactjs-app-ui/node_modules/express/lib/router/index.js:286:9
    at Function.process_params (/Users/andrewsmith/Library/CloudStorage/Dropbox/projects/agoat-publisher/reactjs-app-ui/node_modules/express/lib/router/index.js:346:12)
    at next (/Users/andrewsmith/Library/CloudStorage/Dropbox/projects/agoat-publisher/reactjs-app-ui/node_modules/express/lib/router/index.js:280:10)
    at SendStream.error (/Users/andrewsmith/Library/CloudStorage/Dropbox/projects/agoat-publisher/reactjs-app-ui/node_modules/serve-static/index.js:121:7)
    at SendStream.emit (node:events:524:28)
URIError: URI malformed
    at decodeURIComponent (<anonymous>)
    at /Users/andrewsmith/Library/CloudStorage/Dropbox/projects/agoat-publisher/reactjs-app-ui/node_modules/serve-index/index.js:113:15
    at middleware (/Users/andrewsmith/Library/CloudStorage/Dropbox/projects/agoat-publisher/reactjs-app-ui/node_modules/webpack-dev-server/lib/Server.js:2495:18)
    at Layer.handle [as handle_request] (/Users/andrewsmith/Library/CloudStorage/Dropbox/projects/agoat-publisher/reactjs-app-ui/node_modules/express/lib/router/layer.js:95:5)
    at trim_prefix (/Users/andrewsmith/Library/CloudStorage/Dropbox/projects/agoat-publisher/reactjs-app-ui/node_modules/express/lib/router/index.js:328:13)
    at /Users/andrewsmith/Library/CloudStorage/Dropbox/projects/agoat-publisher/reactjs-app-ui/node_modules/express/lib/router/index.js:286:9
    at Function.process_params (/Users/andrewsmith/Library/CloudStorage/Dropbox/projects/agoat-publisher/reactjs-app-ui/node_modules/express/lib/router/index.js:346:12)
    at next (/Users/andrewsmith/Library/CloudStorage/Dropbox/projects/agoat-publisher/reactjs-app-ui/node_modules/express/lib/router/index.js:280:10)
    at SendStream.error (/Users/andrewsmith/Library/CloudStorage/Dropbox/projects/agoat-publisher/reactjs-app-ui/node_modules/serve-static/index.js:121:7)
    at SendStream.emit (node:events:524:28)
URIError: URI malformed
    at decodeURIComponent (<anonymous>)
    at /Users/andrewsmith/Library/CloudStorage/Dropbox/projects/agoat-publisher/reactjs-app-ui/node_modules/serve-index/index.js:113:15
    at middleware (/Users/andrewsmith/Library/CloudStorage/Dropbox/projects/agoat-publisher/reactjs-app-ui/node_modules/webpack-dev-server/lib/Server.js:2495:18)
    at Layer.handle [as handle_request] (/Users/andrewsmith/Library/CloudStorage/Dropbox/projects/agoat-publisher/reactjs-app-ui/node_modules/express/lib/router/layer.js:95:5)
    at trim_prefix (/Users/andrewsmith/Library/CloudStorage/Dropbox/projects/agoat-publisher/reactjs-app-ui/node_modules/express/lib/router/index.js:328:13)
    at /Users/andrewsmith/Library/CloudStorage/Dropbox/projects/agoat-publisher/reactjs-app-ui/node_modules/express/lib/router/index.js:286:9
    at Function.process_params (/Users/andrewsmith/Library/CloudStorage/Dropbox/projects/agoat-publisher/reactjs-app-ui/node_modules/express/lib/router/index.js:346:12)
    at next (/Users/andrewsmith/Library/CloudStorage/Dropbox/projects/agoat-publisher/reactjs-app-ui/node_modules/express/lib/router/index.js:280:10)
    at SendStream.error (/Users/andrewsmith/Library/CloudStorage/Dropbox/projects/agoat-publisher/reactjs-app-ui/node_modules/serve-static/index.js:121:7)
    at SendStream.emit (node:events:524:28)
assets by path *.js 12.9 MiB
  asset main.0560705cbdbaee08efcd.js 12.9 MiB [emitted] [immutable] (name: main)
  asset main.d9d808a198f45cd52955.hot-update.js 707 bytes [emitted] [immutable] [hmr] (name: main)
asset index.html 599 bytes [emitted]
asset main.d9d808a198f45cd52955.hot-update.json 28 bytes [emitted] [immutable] [hmr]
Entrypoint main 12.9 MiB = main.0560705cbdbaee08efcd.js 12.9 MiB main.d9d808a198f45cd52955.hot-update.js 707 bytes
cached modules 4.79 MiB (javascript) 210 bytes (share-init) 714 bytes (consume-shared) [cached] 377 modules
runtime modules 42.5 KiB 16 modules
javascript modules 15.4 KiB
  ./src/components/FederatedComponent.tsx 4.33 KiB [built]
  ./src/utils/federationLoader.ts 11.1 KiB [built]
webpack 5.101.3 compiled successfully in 618 ms
assets by status 12.9 MiB [cached] 2 assets
cached modules 4.79 MiB (javascript) 210 bytes (share-init) 714 bytes (consume-shared) 42.5 KiB (runtime) [cached] 393 modules
javascript modules 15.4 KiB
  ./src/components/FederatedComponent.tsx 4.33 KiB [built]
  ./src/utils/federationLoader.ts 11.1 KiB [built]
webpack 5.101.3 compiled successfully in 209 ms
URIError: URI malformed
    at decodeURIComponent (<anonymous>)
    at /Users/andrewsmith/Library/CloudStorage/Dropbox/projects/agoat-publisher/reactjs-app-ui/node_modules/serve-index/index.js:113:15
    at middleware (/Users/andrewsmith/Library/CloudStorage/Dropbox/projects/agoat-publisher/reactjs-app-ui/node_modules/webpack-dev-server/lib/Server.js:2495:18)
    at Layer.handle [as handle_request] (/Users/andrewsmith/Library/CloudStorage/Dropbox/projects/agoat-publisher/reactjs-app-ui/node_modules/express/lib/router/layer.js:95:5)
    at trim_prefix (/Users/andrewsmith/Library/CloudStorage/Dropbox/projects/agoat-publisher/reactjs-app-ui/node_modules/express/lib/router/index.js:328:13)
    at /Users/andrewsmith/Library/CloudStorage/Dropbox/projects/agoat-publisher/reactjs-app-ui/node_modules/express/lib/router/index.js:286:9
    at Function.process_params (/Users/andrewsmith/Library/CloudStorage/Dropbox/projects/agoat-publisher/reactjs-app-ui/node_modules/express/lib/router/index.js:346:12)
    at next (/Users/andrewsmith/Library/CloudStorage/Dropbox/projects/agoat-publisher/reactjs-app-ui/node_modules/express/lib/router/index.js:280:10)
    at SendStream.error (/Users/andrewsmith/Library/CloudStorage/Dropbox/projects/agoat-publisher/reactjs-app-ui/node_modules/serve-static/index.js:121:7)
    at SendStream.emit (node:events:524:28)
<i> [webpack-dev-server] Gracefully shutting down. To force exit, press ^C again. Please wait...
